#
# A fatal error has been detected by the Java Runtime Environment:
#
#  EXCEPTION_ACCESS_VIOLATION (0xc0000005) at pc=0x000000006ae7a0a5, pid=12420, tid=0x00000000000035ac
#
# JRE version: Java(TM) SE Runtime Environment (8.0_101-b13) (build 1.8.0_101-b13)
# Java VM: Java HotSpot(TM) 64-Bit Server VM (25.101-b13 mixed mode windows-amd64 compressed oops)
# Problematic frame:
# V  [jvm.dll+0x12a0a5]
#
# Failed to write core dump. Minidumps are not enabled by default on client versions of Windows
#
# If you would like to submit a bug report, please visit:
#   http://bugreport.java.com/bugreport/crash.jsp
#

---------------  T H R E A D  ---------------

Current thread (0x0000000015342000):  JavaThread "JDWP Transport Listener: dt_socket" daemon [_thread_in_vm, id=13740, stack(0x0000000016970000,0x0000000016a70000)]

siginfo: ExceptionCode=0xc0000005, reading address 0x0000000000000200

Registers:
RAX=0x0000000016a6f401, RBX=0x0000000015342000, RCX=0x0000000000000200, RDX=0x0000000000000000
RSP=0x0000000016a6f480, RBP=0x0000000000000200, RSI=0x0000000016a6f598, RDI=0x0000000002e78de0
R8 =0x0000000015342000, R9 =0x0000000000008000, R10=0x0000000017024010, R11=0x00000000171f75dd
R12=0x0000000000000000, R13=0x0000000015342f98, R14=0x0000000000000000, R15=0x0000000000000000
RIP=0x000000006ae7a0a5, EFLAGS=0x0000000000010206

Top of Stack: (sp=0x0000000016a6f480)
0x0000000016a6f480:   0000000015342000 00000000171f68b0
0x0000000016a6f490:   0000000016a6f548 000000006b082f0b
0x0000000016a6f4a0:   0000000015342000 000000006b09f76d
0x0000000016a6f4b0:   0000000000000000 000000006acf9155
0x0000000016a6f4c0:   000000001708f5d8 000000006ad0291e
0x0000000016a6f4d0:   0000000015342000 0000000000000000
0x0000000016a6f4e0:   0000000000000000 0000000000000000
0x0000000016a6f4f0:   0000000000000200 000000006ad01a15
0x0000000016a6f500:   0000000016a6f598 0000000016a6f570
0x0000000016a6f510:   0000000000000001 000000001708f5d8
0x0000000016a6f520:   0000000000000200 000000006ace53b3
0x0000000016a6f530:   0000000016a6f660 0000000000000001
0x0000000016a6f540:   0000000000000001 000000001708f5d8
0x0000000016a6f550:   0000000000000008 0000000000000000
0x0000000016a6f560:   0000000000000000 0000000000000000
0x0000000016a6f570:   0000000000000001 000000006ace5571 

Instructions: (pc=0x000000006ae7a0a5)
0x000000006ae7a085:   cc cc cc cc cc cc cc cc cc cc cc 48 83 ec 28 48
0x000000006ae7a095:   85 c9 75 07 33 c0 48 83 c4 28 c3 48 89 5c 24 20
0x000000006ae7a0a5:   48 8b 19 48 85 db 74 20 48 83 fb 37 74 1a 48 8b
0x000000006ae7a0b5:   13 48 8b cb ff 52 10 84 c0 74 0d 48 8b c3 48 8b 


Register to memory mapping:

RAX=0x0000000016a6f401 is pointing into the stack for thread: 0x0000000015342000
RBX=0x0000000015342000 is a thread
RCX=0x0000000000000200 is an unknown value
RDX=0x0000000000000000 is an unknown value
RSP=0x0000000016a6f480 is pointing into the stack for thread: 0x0000000015342000
RBP=0x0000000000000200 is an unknown value
RSI=0x0000000016a6f598 is pointing into the stack for thread: 0x0000000015342000
RDI=0x0000000002e78de0 is an unknown value
R8 =0x0000000015342000 is a thread
R9 =0x0000000000008000 is an unknown value
R10=0x0000000017024010 is an unknown value
R11=0x00000000171f75dd is an unknown value
R12=0x0000000000000000 is an unknown value
R13=0x0000000015342f98 is an unknown value
R14=0x0000000000000000 is an unknown value
R15=0x0000000000000000 is an unknown value


Stack: [0x0000000016970000,0x0000000016a70000],  sp=0x0000000016a6f480,  free space=1021k
Native frames: (J=compiled Java code, j=interpreted, Vv=VM code, C=native code)
V  [jvm.dll+0x12a0a5]
V  [jvm.dll+0x34f76d]
C  [jdwp.dll+0x21a15]
C  [jdwp.dll+0x53b3]
C  [jdwp.dll+0x5571]
C  [jdwp.dll+0xf0a8]
C  [jdwp.dll+0x1f2d5]
C  [jdwp.dll+0x1f4aa]
V  [jvm.dll+0x1bd258]
V  [jvm.dll+0x2451a4]
V  [jvm.dll+0x29c18a]
C  [msvcr100.dll+0x21d9f]
C  [msvcr100.dll+0x21e3b]
C  [KERNEL32.DLL+0x12774]
C  [ntdll.dll+0x70d51]


---------------  P R O C E S S  ---------------

Java Threads: ( => current thread )
  0x0000000016fb8800 JavaThread "Service Thread" daemon [_thread_blocked, id=16200, stack(0x0000000017370000,0x0000000017470000)]
  0x000000001535e800 JavaThread "C1 CompilerThread2" daemon [_thread_blocked, id=3592, stack(0x0000000016e70000,0x0000000016f70000)]
  0x000000001535c000 JavaThread "C2 CompilerThread1" daemon [_thread_blocked, id=7768, stack(0x0000000016d70000,0x0000000016e70000)]
  0x0000000015362800 JavaThread "C2 CompilerThread0" daemon [_thread_blocked, id=13888, stack(0x0000000016c70000,0x0000000016d70000)]
  0x000000001534a000 JavaThread "JDWP Command Reader" daemon [_thread_in_native, id=10480, stack(0x0000000016b70000,0x0000000016c70000)]
  0x0000000015346800 JavaThread "JDWP Event Helper Thread" daemon [_thread_blocked, id=7048, stack(0x0000000016a70000,0x0000000016b70000)]
=>0x0000000015342000 JavaThread "JDWP Transport Listener: dt_socket" daemon [_thread_in_vm, id=13740, stack(0x0000000016970000,0x0000000016a70000)]
  0x000000001532e800 JavaThread "Attach Listener" daemon [_thread_blocked, id=10404, stack(0x0000000016870000,0x0000000016970000)]
  0x000000001532d800 JavaThread "Signal Dispatcher" daemon [_thread_blocked, id=11848, stack(0x0000000016770000,0x0000000016870000)]
  0x0000000002c4c800 JavaThread "Finalizer" daemon [_thread_blocked, id=11452, stack(0x0000000016580000,0x0000000016680000)]
  0x0000000002c41800 JavaThread "Reference Handler" daemon [_thread_blocked, id=13320, stack(0x0000000016480000,0x0000000016580000)]
  0x0000000002b52800 JavaThread "main" [_thread_blocked, id=15340, stack(0x00000000012a0000,0x00000000013a0000)]

Other Threads:
  0x00000000152f7000 VMThread [stack: 0x0000000016380000,0x0000000016480000] [id=11140]
  0x0000000016fc4800 WatcherThread [stack: 0x0000000017470000,0x0000000017570000] [id=10632]

VM state:not at safepoint (normal execution)

VM Mutex/Monitor currently owned by a thread: None

Heap:
 PSYoungGen      total 18944K, used 10973K [0x00000000eb200000, 0x00000000ec700000, 0x0000000100000000)
  eden space 16384K, 66% used [0x00000000eb200000,0x00000000ebcb7768,0x00000000ec200000)
  from space 2560K, 0% used [0x00000000ec480000,0x00000000ec480000,0x00000000ec700000)
  to   space 2560K, 0% used [0x00000000ec200000,0x00000000ec200000,0x00000000ec480000)
 ParOldGen       total 44032K, used 0K [0x00000000c1600000, 0x00000000c4100000, 0x00000000eb200000)
  object space 44032K, 0% used [0x00000000c1600000,0x00000000c1600000,0x00000000c4100000)
 Metaspace       used 7821K, capacity 7974K, committed 8064K, reserved 1056768K
  class space    used 811K, capacity 869K, committed 896K, reserved 1048576K

Card table byte_map: [0x0000000012240000,0x0000000012440000] byte_map_base: 0x0000000011c35000

Marking Bits: (ParMarkBitMap*) 0x000000006b56a6d0
 Begin Bits: [0x0000000012840000, 0x00000000137e8000)
 End Bits:   [0x00000000137e8000, 0x0000000014790000)

Polling page: 0x0000000000e80000

CodeCache: size=245760Kb used=2166Kb max_used=2199Kb free=243593Kb
 bounds [0x0000000002e80000, 0x00000000030f0000, 0x0000000011e80000]
 total_blobs=797 nmethods=486 adapters=232
 compilation: enabled

Compilation events (10 events):
Event: 147.114 Thread 0x000000001535e800  497  s    3       org.postgresql.jdbc.TypeInfoCache::addDataType (28 bytes)
Event: 147.115 Thread 0x000000001535e800 nmethod 497 0x00000000030a1d10 code [0x00000000030a1ea0, 0x00000000030a24a8]
Event: 157.706 Thread 0x000000001535e800  498       3       java.util.ArrayDeque::isEmpty (17 bytes)
Event: 157.706 Thread 0x000000001535e800 nmethod 498 0x00000000030a26d0 code [0x00000000030a2820, 0x00000000030a29d0]
Event: 184.369 Thread 0x000000001535e800  499       1       java.util.HashMap::size (5 bytes)
Event: 184.370 Thread 0x000000001535e800 nmethod 499 0x00000000030a2a50 code [0x00000000030a2ba0, 0x00000000030a2cb0]
Event: 332.450 Thread 0x0000000015362800  500       4       java.lang.AbstractStringBuilder::ensureCapacityInternal (16 bytes)
Event: 332.460 Thread 0x0000000015362800 nmethod 500 0x00000000030a5b90 code [0x00000000030a5ce0, 0x00000000030a5f58]
Event: 341.737 Thread 0x000000001535e800  501       3       org.postgresql.core.NativeQuery::bindName (36 bytes)
Event: 341.739 Thread 0x000000001535e800 nmethod 501 0x0000000002f8c210 code [0x0000000002f8c3e0, 0x0000000002f8cb68]

GC Heap History (0 events):
No events

Deoptimization events (0 events):
No events

Internal exceptions (8 events):
Event: 0.157 Thread 0x0000000002b52800 Exception <a 'java/lang/NoSuchMethodError': Method sun.misc.Unsafe.defineClass(Ljava/lang/String;[BII)Ljava/lang/Class; name or signature does not match> (0x00000000eb207cc0) thrown at [C:\re\workspace\8-2-build-windows-amd64-cygwin\jdk8u101\7261\hotspot\s)^ž\¡*Ä?
Event: 0.158 Thread 0x0000000002b52800 Exception <a 'java/lang/NoSuchMethodError': Method sun.misc.Unsafe.prefetchRead(Ljava/lang/Object;J)V name or signature does not match> (0x00000000eb207fa8) thrown at [C:\re\workspace\8-2-build-windows-amd64-cygwin\jdk8u101\7261\hotspot\src\share\vm\prims\JÙ!±gë?
Event: 0.856 Thread 0x0000000002b52800 Exception <a 'java/security/PrivilegedActionException'> (0x00000000eb3c0e70) thrown at [C:\re\workspace\8-2-build-windows-amd64-cygwin\jdk8u101\7261\hotspot\src\share\vm\prims\jvm.cpp, line 1386]
Event: 0.856 Thread 0x0000000002b52800 Exception <a 'java/security/PrivilegedActionException'> (0x00000000eb3c1080) thrown at [C:\re\workspace\8-2-build-windows-amd64-cygwin\jdk8u101\7261\hotspot\src\share\vm\prims\jvm.cpp, line 1386]
Event: 0.859 Thread 0x0000000002b52800 Exception <a 'java/security/PrivilegedActionException'> (0x00000000eb3c5150) thrown at [C:\re\workspace\8-2-build-windows-amd64-cygwin\jdk8u101\7261\hotspot\src\share\vm\prims\jvm.cpp, line 1386]
Event: 0.859 Thread 0x0000000002b52800 Exception <a 'java/security/PrivilegedActionException'> (0x00000000eb3c5360) thrown at [C:\re\workspace\8-2-build-windows-amd64-cygwin\jdk8u101\7261\hotspot\src\share\vm\prims\jvm.cpp, line 1386]
Event: 131.780 Thread 0x0000000002b52800 Exception <a 'java/lang/NoSuchFieldError': method resolution failed> (0x00000000ebbc8098) thrown at [C:\re\workspace\8-2-build-windows-amd64-cygwin\jdk8u101\7261\hotspot\src\share\vm\prims\methodHandles.cpp, line 1146]
Event: 131.936 Thread 0x0000000002b52800 Exception <a 'java/lang/NoSuchFieldError': method resolution failed> (0x00000000ebbd5438) thrown at [C:\re\workspace\8-2-build-windows-amd64-cygwin\jdk8u101\7261\hotspot\src\share\vm\prims\methodHandles.cpp, line 1146]

Events (10 events):
Event: 69009.704 Executing VM operation: ChangeBreakpoints
Event: 69009.704 Executing VM operation: ChangeBreakpoints done
Event: 69009.705 Executing VM operation: ChangeBreakpoints
Event: 69009.705 Executing VM operation: ChangeBreakpoints done
Event: 69009.706 Executing VM operation: ChangeBreakpoints
Event: 69009.706 Executing VM operation: ChangeBreakpoints done
Event: 69009.707 Executing VM operation: ChangeBreakpoints
Event: 69009.707 Executing VM operation: ChangeBreakpoints done
Event: 69009.843 Executing VM operation: RedefineClasses
Event: 69009.872 Executing VM operation: RedefineClasses done


Dynamic libraries:
0x00007ff6b6c50000 - 0x00007ff6b6c87000 	C:\Program Files\Java\jdk1.8.0_101\bin\java.exe
0x00007ffde7e60000 - 0x00007ffde803b000 	C:\WINDOWS\SYSTEM32\ntdll.dll
0x00007ffde5470000 - 0x00007ffde551e000 	C:\WINDOWS\System32\KERNEL32.DLL
0x00007ffde4b60000 - 0x00007ffde4da9000 	C:\WINDOWS\System32\KERNELBASE.dll
0x00007ffde53c0000 - 0x00007ffde5461000 	C:\WINDOWS\System32\ADVAPI32.dll
0x00007ffde6f00000 - 0x00007ffde6f9d000 	C:\WINDOWS\System32\msvcrt.dll
0x00007ffde6d90000 - 0x00007ffde6de9000 	C:\WINDOWS\System32\sechost.dll
0x00007ffde6c50000 - 0x00007ffde6d75000 	C:\WINDOWS\System32\RPCRT4.dll
0x00007ffde72e0000 - 0x00007ffde742a000 	C:\WINDOWS\System32\USER32.dll
0x00007ffde4b40000 - 0x00007ffde4b5e000 	C:\WINDOWS\System32\win32u.dll
0x00007ffde71a0000 - 0x00007ffde71c7000 	C:\WINDOWS\System32\GDI32.dll
0x00007ffde4f00000 - 0x00007ffde5087000 	C:\WINDOWS\System32\gdi32full.dll
0x00007ffde4e60000 - 0x00007ffde4efa000 	C:\WINDOWS\System32\msvcp_win.dll
0x00007ffde5090000 - 0x00007ffde5186000 	C:\WINDOWS\System32\ucrtbase.dll
0x00007ffddcce0000 - 0x00007ffddcf47000 	C:\WINDOWS\WinSxS\amd64_microsoft.windows.common-controls_6595b64144ccf1df_6.0.15063.483_none_26002d27e7c744a2\COMCTL32.dll
0x00007ffde7510000 - 0x00007ffde7809000 	C:\WINDOWS\System32\combase.dll
0x00007ffde4380000 - 0x00007ffde43ea000 	C:\WINDOWS\System32\bcryptPrimitives.dll
0x00007ffde7dc0000 - 0x00007ffde7ded000 	C:\WINDOWS\System32\IMM32.DLL
0x000000006b5f0000 - 0x000000006b6c2000 	C:\Program Files\Java\jdk1.8.0_101\jre\bin\msvcr100.dll
0x000000006ad50000 - 0x000000006b5ea000 	C:\Program Files\Java\jdk1.8.0_101\jre\bin\server\jvm.dll
0x00007ffde6d80000 - 0x00007ffde6d88000 	C:\WINDOWS\System32\PSAPI.DLL
0x00007ffddd7a0000 - 0x00007ffddd7c3000 	C:\WINDOWS\SYSTEM32\WINMM.dll
0x00007ffddbba0000 - 0x00007ffddbbaa000 	C:\WINDOWS\SYSTEM32\VERSION.dll
0x00007ffddd770000 - 0x00007ffddd79b000 	C:\WINDOWS\SYSTEM32\WINMMBASE.dll
0x00007ffde43f0000 - 0x00007ffde4439000 	C:\WINDOWS\System32\cfgmgr32.dll
0x00007ffde08d0000 - 0x00007ffde08d9000 	C:\WINDOWS\SYSTEM32\WSOCK32.dll
0x00007ffde71d0000 - 0x00007ffde723c000 	C:\WINDOWS\System32\WS2_32.dll
0x000000006c870000 - 0x000000006c87f000 	C:\Program Files\Java\jdk1.8.0_101\jre\bin\verify.dll
0x000000006ad20000 - 0x000000006ad49000 	C:\Program Files\Java\jdk1.8.0_101\jre\bin\java.dll
0x000000006ace0000 - 0x000000006ad15000 	C:\Program Files\Java\jdk1.8.0_101\jre\bin\jdwp.dll
0x000000006c390000 - 0x000000006c398000 	C:\Program Files\Java\jdk1.8.0_101\jre\bin\npt.dll
0x000000006acc0000 - 0x000000006acd6000 	C:\Program Files\Java\jdk1.8.0_101\jre\bin\zip.dll
0x00007ffde5800000 - 0x00007ffde6c37000 	C:\WINDOWS\System32\SHELL32.dll
0x00007ffde5750000 - 0x00007ffde57fa000 	C:\WINDOWS\System32\shcore.dll
0x00007ffde4440000 - 0x00007ffde4b31000 	C:\WINDOWS\System32\windows.storage.dll
0x00007ffde7e00000 - 0x00007ffde7e51000 	C:\WINDOWS\System32\shlwapi.dll
0x00007ffde42f0000 - 0x00007ffde4301000 	C:\WINDOWS\System32\kernel.appcore.dll
0x00007ffde4330000 - 0x00007ffde437c000 	C:\WINDOWS\System32\powrprof.dll
0x00007ffde42d0000 - 0x00007ffde42e5000 	C:\WINDOWS\System32\profapi.dll
0x000000006c380000 - 0x000000006c389000 	C:\Program Files\Java\jdk1.8.0_101\jre\bin\dt_socket.dll
0x00007ffde3b80000 - 0x00007ffde3bdc000 	C:\WINDOWS\system32\mswsock.dll
0x000000006aca0000 - 0x000000006acba000 	C:\Program Files\Java\jdk1.8.0_101\jre\bin\net.dll
0x00007ffde3960000 - 0x00007ffde3a04000 	C:\WINDOWS\SYSTEM32\DNSAPI.dll
0x00007ffde6c40000 - 0x00007ffde6c48000 	C:\WINDOWS\System32\NSI.dll
0x00007ffde3920000 - 0x00007ffde3957000 	C:\WINDOWS\SYSTEM32\IPHLPAPI.DLL
0x00007ffddd2f0000 - 0x00007ffddd2fa000 	C:\Windows\System32\rasadhlp.dll
0x00007ffddd8f0000 - 0x00007ffddd95b000 	C:\WINDOWS\System32\fwpuclnt.dll
0x00007ffde4210000 - 0x00007ffde4235000 	C:\WINDOWS\SYSTEM32\bcrypt.dll
0x00007ffddeee0000 - 0x00007ffddf089000 	C:\WINDOWS\SYSTEM32\dbghelp.dll

VM Arguments:
jvm_args: -agentlib:jdwp=transport=dt_socket,address=127.0.0.1:51431,suspend=y,server=n -Dfile.encoding=UTF-8 
java_command: openDBconnection
java_class_path (initial): C:\Program Files\Java\jdk1.8.0_101\jre\lib\charsets.jar;C:\Program Files\Java\jdk1.8.0_101\jre\lib\deploy.jar;C:\Program Files\Java\jdk1.8.0_101\jre\lib\ext\access-bridge-64.jar;C:\Program Files\Java\jdk1.8.0_101\jre\lib\ext\cldrdata.jar;C:\Program Files\Java\jdk1.8.0_101\jre\lib\ext\dnsns.jar;C:\Program Files\Java\jdk1.8.0_101\jre\lib\ext\jaccess.jar;C:\Program Files\Java\jdk1.8.0_101\jre\lib\ext\jfxrt.jar;C:\Program Files\Java\jdk1.8.0_101\jre\lib\ext\localedata.jar;C:\Program Files\Java\jdk1.8.0_101\jre\lib\ext\nashorn.jar;C:\Program Files\Java\jdk1.8.0_101\jre\lib\ext\sunec.jar;C:\Program Files\Java\jdk1.8.0_101\jre\lib\ext\sunjce_provider.jar;C:\Program Files\Java\jdk1.8.0_101\jre\lib\ext\sunmscapi.jar;C:\Program Files\Java\jdk1.8.0_101\jre\lib\ext\sunpkcs11.jar;C:\Program Files\Java\jdk1.8.0_101\jre\lib\ext\zipfs.jar;C:\Program Files\Java\jdk1.8.0_101\jre\lib\javaws.jar;C:\Program Files\Java\jdk1.8.0_101\jre\lib\jce.jar;C:\Program Files\Java\jdk1.8.0_101\jre\lib\jfr.jar;C:\Program Files\Java\jdk1.8.0_101\jre\lib\jfxswt.jar;C:\Program Files\Java\jdk1.8.0_101\jre\lib\jsse.jar;C:\Program Files\Java\jdk1.8.0_101\jre\lib\management-agent.jar;C:\Program Files\Java\jdk1.8.0_101\jre\lib\plugin.jar;C:\Program Files\Java\jdk1.8.0_101\jre\lib\resources.jar;C:\Program Files\Java\jdk1.8.0_101\jre\lib\rt.jar;C:\Users\manoj\Desktop\IdeaProjects\JDBCPostgreSQL\out\production\JDBCPostgreSQL;C:\Users\manoj\Desktop\postgresql_JDBC\postgresql-42.1.4.jar;C:\Users\manoj\Desktop\intellij\IntelliJ IDEA Community Edition 2017.2.5\lib\idea_rt.jar
Launcher Type: SUN_STANDARD

Environment Variables:
JAVA_HOME=C:\Program Files\Java\jdk1.8.0_45
PATH=C:\ProgramData\Oracle\Java\javapath;c:\Program Files (x86)\Intel\iCLS Client\;c:\Program Files\Intel\iCLS Client\;C:\WINDOWS\system32;C:\WINDOWS;C:\WINDOWS\System32\Wbem;C:\WINDOWS\System32\WindowsPowerShell\v1.0\;C:\Program Files\Intel\Intel(R) Management Engine Components\DAL;C:\Program Files\Intel\Intel(R) Management Engine Components\IPT;C:\Program Files (x86)\Intel\Intel(R) Management Engine Components\DAL;C:\Program Files (x86)\Intel\Intel(R) Management Engine Components\IPT;C:\Users\manoj\Desktop\Ant_Home_2\apache-ant-1.9.8\bin;C:\Program Files (x86)\Subversion\bin;C:\Program Files\Java\jdk1.8.0_101\bin\java.exe;C:\Program Files\Java\jdk1.8.0_101\bin;C:\clojure_progs\clojure-noob;C:\Program Files\Microsoft SQL Server\130\Tools\Binn\;C:\Program Files\dotnet\;C:\Program Files\Git\cmd;C:\Program Files (x86)\GtkSharp\2.12\bin;C:\Program Files (x86)\Skype\Phone\;C:\Program Files (x86)\Bitvise SSH Client;C:\Program Files\TortoiseSVN\bin;C:\Users\manoj\Desktop\JDBC_Driver\postgresql-42.1.4\META-INF\maven\org.postgresql\postgresql;C:\Users\manoj\Desktop\postgresql_JDBC;C:\Program Files\Java\jdk1.8.0_101\bin;C:\Users\manoj\Desktop\.lein\bin;C:\Users\manoj\AppData\Local\Microsoft\WindowsApps;C:\Users\manoj\Desktop\Ant_Home_2\apache-ant-1.9.8\bin;C:\Users\manoj\Desktop\postgresql_JDBC;
USERNAME=manoj
OS=Windows_NT
PROCESSOR_IDENTIFIER=Intel64 Family 6 Model 69 Stepping 1, GenuineIntel



---------------  S Y S T E M  ---------------

OS: Windows 10.0 , 64 bit Build 15063 (10.0.15063.296)

CPU:total 4 (2 cores per cpu, 2 threads per core) family 6 model 69 stepping 1, cmov, cx8, fxsr, mmx, sse, sse2, sse3, ssse3, sse4.1, sse4.2, popcnt, avx, avx2, aes, clmul, erms, lzcnt, ht, tsc, tscinvbit, bmi1, bmi2

Memory: 4k page, physical 4096180k(763120k free), swap 9501756k(1576336k free)

vm_info: Java HotSpot(TM) 64-Bit Server VM (25.101-b13) for windows-amd64 JRE (1.8.0_101-b13), built on Jun 22 2016 01:21:29 by "java_re" with MS VC++ 10.0 (VS2010)

time: Wed Nov 22 11:47:53 2017
elapsed time: 69013 seconds (0d 19h 10m 13s)

